/Library/Java/JavaVirtualMachines/jdk-17.jdk/Contents/Home/bin/java -javaagent:/Applications/IntelliJ IDEA.app/Contents/lib/idea_rt.jar=51904:/Applications/IntelliJ IDEA.app/Contents/bin -Dfile.encoding=UTF-8 -classpath /Users/test/Desktop/Research/TrjPrivacy/out/production/TrjPrivacy:/Users/test/Desktop/Research/TrjPrivacy/libs/commons-math3-3.6.1.jar models.Main
------------------------------------------------------------------------------------------------------
|		 Trajectory Privacy Survey Project                                                           |
|		 Title:   A Survey and Experimental Study on Privacy-Preserving Trajectory Data Publishing   |
|		 Authors: Fengmei Jin, Wen Hua, Matteo Francia, Pingfu Chao, Maria E Orlowska, Xiaofang Zhou |
------------------------------------------------------------------------------------------------------
[PROGRESS] reading parameters from /Users/test/Desktop/Research/TrjPrivacy/src/resources/config.properties

[Parameters]
dataInput: ./Testing/formal_inputs/
dataOutput: ./Testing/outputs/
dataset: T-Drive
exposure_ratio: 0.2
homePath: /put/your/path/here/
k-anonymity: 5
l-diversity: 3
min_length: 10
num_mixzones: 10000
outputResults: false
poiFile: ./Testing/BeijingRoadNetworkInfo/AllPOI.csv
privacyModel: klt
radius: 0.2
roadNetworkFile: ./Testing/BeijingRoadNetworkInfo/vertices.txt
t-closeness: 0.1
variant: T-Drive_object/100
------------------------------------------------------

[PROGRESS] Reading trajectory data from ./Testing/formal_inputs/T-Drive_object/100.csv
[INFO] average length of 100 trajectories = 1227.050

[PROGRESS] build grid based on Beijing POIs ...

---------------------------------------------------------------------------------------------------------------------------------
		 Selected Model: KLT
		 Title:          Protecting trajectory from semantic attack considering k-anonymity, l-diversity, and t-closeness (2019)
		 Parameters:     1) k-anonymity = 5; 2) l-diversity = 3; 3) t-closeness = 0.100
---------------------------------------------------------------------------------------------------------------------------------

[PROGRESS] Computing Trajectory-wise merge cost matrix: 5%..10%..15%..20%..25%..30%..35%..40%..45%..50%..55%..60%..65%..70%..75%..80%..85%..90%..95%..100%
[TIME-COST] for computing stretch matrix: 40.286 s, 0.671 min

[PROGRESS] Merging trajectories based on pre-computed matrix:
5%..10%..15%..20%..25%..30%..35%..40%..45%..50%..65%..70%..90%..95%..100%
[TIME-COST] for merging trajectories: 640.277 s, 10.671 min
[ALERT] 2 trajectories may not satisfy the 5-anonymity.

------------------------------------------------------------------------------------------------------

The program is done!

Process finished with exit code 0
