/Library/Java/JavaVirtualMachines/jdk-17.jdk/Contents/Home/bin/java -javaagent:/Applications/IntelliJ IDEA.app/Contents/lib/idea_rt.jar=52286:/Applications/IntelliJ IDEA.app/Contents/bin -Dfile.encoding=UTF-8 -classpath /Users/test/Desktop/Research/TrjPrivacy/out/production/TrjPrivacy:/Users/test/Desktop/Research/TrjPrivacy/libs/commons-math3-3.6.1.jar models.Main
------------------------------------------------------------------------------------------------------
|		 Trajectory Privacy Survey Project                                                           |
|		 Title:   A Survey and Experimental Study on Privacy-Preserving Trajectory Data Publishing   |
|		 Authors: Fengmei Jin, Wen Hua, Matteo Francia, Pingfu Chao, Maria E Orlowska, Xiaofang Zhou |
------------------------------------------------------------------------------------------------------
[PROGRESS] reading parameters from /Users/test/Desktop/Research/TrjPrivacy/src/resources/config.properties

[Parameters]
dataInput: ./Testing/formal_inputs/
dataOutput: ./Testing/outputs/
dataset: T-Drive
exposure_ratio: 0.2
homePath: /put/your/path/here/
k-anonymity: 5
l-diversity: 3
min_length: 10
num_mixzones: 10000
outputResults: false
poiFile: ./Testing/BeijingRoadNetworkInfo/AllPOI.csv
privacyModel: dummy
radius: 0.2
roadNetworkFile: ./Testing/BeijingRoadNetworkInfo/vertices.txt
t-closeness: 0.1
variant: T-Drive_object/100
------------------------------------------------------

[PROGRESS] Reading trajectory data from ./Testing/formal_inputs/T-Drive_object/100.csv
[INFO] average length of 100 trajectories = 1227.050

[PROGRESS] build grid based on Beijing POIs ...

------------------------------------------------------------------------------------------------------
		 Selected Model: DUMMY
		 Title:          Dummy-Based Trajectory Privacy Protection Against Exposure Location Attacks (2019)
		 Parameters:     1) k-anonymity = 5; 2) location-anonymity = 3; 3) exposure ratio = 0.20
------------------------------------------------------------------------------------------------------

[PROGRESS] 5%..10%..15%..20%..25%..30%..35%..50%..55%..60%..65%..70%..75%..80%..85%..90%..95%..100%..100%

[TIME-COST] for generating dummy trajectories: 42.477 s, 0.708 min

[REPORT] avg ratio of removed points = 0.20649
 	 # of suppressed trajectories = 7

------------------------------------------------------------------------------------------------------

The program is done!

Process finished with exit code 0
